mode: set
github.com/natanaelrusli/tic-tac-toe/internal/tictactoe/cli.go:9.44,14.22 4 1
github.com/natanaelrusli/tic-tac-toe/internal/tictactoe/cli.go:14.22,21.23 4 1
github.com/natanaelrusli/tic-tac-toe/internal/tictactoe/cli.go:21.23,25.31 3 1
github.com/natanaelrusli/tic-tac-toe/internal/tictactoe/cli.go:25.31,27.10 2 1
github.com/natanaelrusli/tic-tac-toe/internal/tictactoe/cli.go:30.4,30.52 1 1
github.com/natanaelrusli/tic-tac-toe/internal/tictactoe/cli.go:34.2,34.18 1 1
github.com/natanaelrusli/tic-tac-toe/internal/tictactoe/cli.go:37.46,40.31 2 1
github.com/natanaelrusli/tic-tac-toe/internal/tictactoe/cli.go:40.31,42.3 1 1
github.com/natanaelrusli/tic-tac-toe/internal/tictactoe/cli.go:44.2,44.21 1 1
github.com/natanaelrusli/tic-tac-toe/internal/tictactoe/game.go:21.59,31.2 6 1
github.com/natanaelrusli/tic-tac-toe/internal/tictactoe/game.go:33.70,39.25 4 1
github.com/natanaelrusli/tic-tac-toe/internal/tictactoe/game.go:39.25,40.26 1 1
github.com/natanaelrusli/tic-tac-toe/internal/tictactoe/game.go:40.26,42.4 1 1
github.com/natanaelrusli/tic-tac-toe/internal/tictactoe/game.go:45.2,48.20 3 1
github.com/natanaelrusli/tic-tac-toe/internal/tictactoe/game.go:51.44,64.2 2 1
github.com/natanaelrusli/tic-tac-toe/internal/tictactoe/game.go:66.48,69.16 2 1
github.com/natanaelrusli/tic-tac-toe/internal/tictactoe/game.go:69.16,71.3 1 1
github.com/natanaelrusli/tic-tac-toe/internal/tictactoe/game.go:73.2,75.13 2 1
github.com/natanaelrusli/tic-tac-toe/internal/tictactoe/game.go:75.13,77.3 1 1
github.com/natanaelrusli/tic-tac-toe/internal/tictactoe/game.go:79.2,79.40 1 1
github.com/natanaelrusli/tic-tac-toe/internal/tictactoe/game.go:79.40,81.21 1 1
github.com/natanaelrusli/tic-tac-toe/internal/tictactoe/game.go:81.21,83.4 1 1
github.com/natanaelrusli/tic-tac-toe/internal/tictactoe/game.go:86.2,86.22 1 1
github.com/natanaelrusli/tic-tac-toe/internal/tictactoe/game.go:89.49,93.33 3 1
github.com/natanaelrusli/tic-tac-toe/internal/tictactoe/game.go:93.33,94.20 1 1
github.com/natanaelrusli/tic-tac-toe/internal/tictactoe/game.go:94.20,96.4 1 1
github.com/natanaelrusli/tic-tac-toe/internal/tictactoe/game.go:96.9,96.27 1 1
github.com/natanaelrusli/tic-tac-toe/internal/tictactoe/game.go:96.27,98.4 1 1
github.com/natanaelrusli/tic-tac-toe/internal/tictactoe/game.go:100.3,100.20 1 1
github.com/natanaelrusli/tic-tac-toe/internal/tictactoe/game.go:100.20,102.4 1 1
github.com/natanaelrusli/tic-tac-toe/internal/tictactoe/game.go:102.9,102.27 1 1
github.com/natanaelrusli/tic-tac-toe/internal/tictactoe/game.go:102.27,104.4 1 1
github.com/natanaelrusli/tic-tac-toe/internal/tictactoe/game.go:106.3,106.20 1 1
github.com/natanaelrusli/tic-tac-toe/internal/tictactoe/game.go:106.20,108.4 1 1
github.com/natanaelrusli/tic-tac-toe/internal/tictactoe/game.go:108.9,108.27 1 1
github.com/natanaelrusli/tic-tac-toe/internal/tictactoe/game.go:108.27,110.4 1 1
github.com/natanaelrusli/tic-tac-toe/internal/tictactoe/game.go:113.2,113.30 1 1
github.com/natanaelrusli/tic-tac-toe/internal/tictactoe/game.go:113.30,115.3 1 1
github.com/natanaelrusli/tic-tac-toe/internal/tictactoe/game.go:117.2,117.40 1 1
github.com/natanaelrusli/tic-tac-toe/internal/tictactoe/game.go:117.40,120.10 2 1
github.com/natanaelrusli/tic-tac-toe/internal/tictactoe/game.go:120.10,122.4 1 1
github.com/natanaelrusli/tic-tac-toe/internal/tictactoe/game.go:125.2,125.21 1 1
github.com/natanaelrusli/tic-tac-toe/internal/tictactoe/game.go:128.51,129.33 1 1
github.com/natanaelrusli/tic-tac-toe/internal/tictactoe/game.go:129.33,130.27 1 1
github.com/natanaelrusli/tic-tac-toe/internal/tictactoe/game.go:130.27,131.32 1 1
github.com/natanaelrusli/tic-tac-toe/internal/tictactoe/game.go:131.32,133.5 1 1
github.com/natanaelrusli/tic-tac-toe/internal/tictactoe/game.go:137.2,137.14 1 1
github.com/natanaelrusli/tic-tac-toe/internal/tictactoe/game.go:140.42,143.30 2 1
github.com/natanaelrusli/tic-tac-toe/internal/tictactoe/game.go:143.30,144.30 1 1
github.com/natanaelrusli/tic-tac-toe/internal/tictactoe/game.go:144.30,146.4 1 1
github.com/natanaelrusli/tic-tac-toe/internal/tictactoe/game.go:149.2,149.13 1 1
github.com/natanaelrusli/tic-tac-toe/internal/tictactoe/tictactoe.go:8.32,12.2 1 1
